# JRE version: OpenJDK Runtime Environment Temurin-21.0.12.1+1 (21.0.12.1+1) (build 21.0.12.1+1-LTS)
# Java VM: OpenJDK 64-Bit Server VM Temurin-21.0.12.1+1 (21.0.12.1+1-LTS, mixed mode, sharing, tiered, compressed oops, compressed class ptrs, parallel gc, windows-amd64)
GC Precious Log:
 CardTable entry size: 512
 CPUs: 4 total, 4 available
 Memory: 3944M
 Large Page Support: Disabled
 NUMA Support: Disabled
 Compressed Oops: Enabled (32-bit)
 Alignments: Space 512K, Generation 512K, Heap 2M
 Heap Min Capacity: 100M
 Heap Initial Capacity: 100M
 Heap Max Capacity: 2G
 Pre-touch: Disabled
 Parallel Workers: 4
Heap:
 PSYoungGen      total 12800K, used 9611K [0x00000000d5580000, 0x00000000d6500000, 0x0000000100000000)
  eden space 9728K, 71% used [0x00000000d5580000,0x00000000d5c52cc0,0x00000000d5f00000)
  from space 3072K, 85% used [0x00000000d6000000,0x00000000d6290040,0x00000000d6300000)
  to   space 2048K, 0% used [0x00000000d6300000,0x00000000d6300000,0x00000000d6500000)
 ParOldGen       total 1398272K, used 90095K [0x0000000080000000, 0x00000000d5580000, 0x00000000d5580000)
  object space 1398272K, 6% used [0x0000000080000000,0x00000000857fbd30,0x00000000d5580000)
 Metaspace       used 78185K, committed 79680K, reserved 1179648K
  class space    used 8524K, committed 9216K, reserved 1048576K
GC Heap History (20 events):
Event: 1577.264 GC heap before
{Heap before GC invocations=133 (full 5):
 PSYoungGen      total 24064K, used 23193K [0x00000000d5580000, 0x00000000d7080000, 0x0000000100000000)
  eden space 19968K, 100% used [0x00000000d5580000,0x00000000d6900000,0x00000000d6900000)
  from space 4096K, 78% used [0x00000000d6900000,0x00000000d6c266d0,0x00000000d6d00000)
  to   space 3584K, 0% used [0x00000000d6d00000,0x00000000d6d00000,0x00000000d7080000)
 ParOldGen       total 1398272K, used 75570K [0x0000000080000000, 0x00000000d5580000, 0x00000000d5580000)
  object space 1398272K, 5% used [0x0000000080000000,0x00000000849cc948,0x00000000d5580000)
 Metaspace       used 77406K, committed 79040K, reserved 1179648K
  class space    used 8490K, committed 9216K, reserved 1048576K
}
Event: 1577.324 GC heap after
{Heap after GC invocations=133 (full 5):
 PSYoungGen      total 14848K, used 3576K [0x00000000d5580000, 0x00000000d8280000, 0x0000000100000000)
  eden space 11264K, 0% used [0x00000000d5580000,0x00000000d5580000,0x00000000d6080000)
  from space 3584K, 99% used [0x00000000d6d00000,0x00000000d707e2a8,0x00000000d7080000)
  to   space 12800K, 0% used [0x00000000d6080000,0x00000000d6080000,0x00000000d6d00000)
 ParOldGen       total 1398272K, used 82981K [0x0000000080000000, 0x00000000d5580000, 0x00000000d5580000)
  object space 1398272K, 5% used [0x0000000080000000,0x00000000851097a8,0x00000000d5580000)
 Metaspace       used 77406K, committed 79040K, reserved 1179648K
  class space    used 8490K, committed 9216K, reserved 1048576K
}
Event: 1580.166 GC heap before
{Heap before GC invocations=134 (full 5):
 PSYoungGen      total 14848K, used 14834K [0x00000000d5580000, 0x00000000d8280000, 0x0000000100000000)
  eden space 11264K, 99% used [0x00000000d5580000,0x00000000d607e5e8,0x00000000d6080000)
  from space 3584K, 99% used [0x00000000d6d00000,0x00000000d707e2a8,0x00000000d7080000)
  to   space 12800K, 0% used [0x00000000d6080000,0x00000000d6080000,0x00000000d6d00000)
 ParOldGen       total 1398272K, used 82981K [0x0000000080000000, 0x00000000d5580000, 0x00000000d5580000)
  object space 1398272K, 5% used [0x0000000080000000,0x00000000851097a8,0x00000000d5580000)
 Metaspace       used 77465K, committed 79040K, reserved 1179648K
  class space    used 8493K, committed 9216K, reserved 1048576K
}
Event: 1580.181 GC heap after
{Heap after GC invocations=134 (full 5):
 PSYoungGen      total 16896K, used 5537K [0x00000000d5580000, 0x00000000d7000000, 0x0000000100000000)
  eden space 11264K, 0% used [0x00000000d5580000,0x00000000d5580000,0x00000000d6080000)
  from space 5632K, 98% used [0x00000000d6080000,0x00000000d65e8728,0x00000000d6600000)
  to   space 7680K, 0% used [0x00000000d6880000,0x00000000d6880000,0x00000000d7000000)
 ParOldGen       total 1398272K, used 83748K [0x0000000080000000, 0x00000000d5580000, 0x00000000d5580000)
  object space 1398272K, 5% used [0x0000000080000000,0x00000000851c91d8,0x00000000d5580000)
 Metaspace       used 77465K, committed 79040K, reserved 1179648K
  class space    used 8493K, committed 9216K, reserved 1048576K
}
Event: 1581.187 GC heap before
{Heap before GC invocations=135 (full 5):
 PSYoungGen      total 16896K, used 16801K [0x00000000d5580000, 0x00000000d7000000, 0x0000000100000000)
  eden space 11264K, 100% used [0x00000000d5580000,0x00000000d6080000,0x00000000d6080000)
  from space 5632K, 98% used [0x00000000d6080000,0x00000000d65e8728,0x00000000d6600000)
  to   space 7680K, 0% used [0x00000000d6880000,0x00000000d6880000,0x00000000d7000000)
 ParOldGen       total 1398272K, used 83748K [0x0000000080000000, 0x00000000d5580000, 0x00000000d5580000)
  object space 1398272K, 5% used [0x0000000080000000,0x00000000851c91d8,0x00000000d5580000)
 Metaspace       used 77501K, committed 79040K, reserved 1179648K
  class space    used 8493K, committed 9216K, reserved 1048576K
}
Event: 1581.205 GC heap after
{Heap after GC invocations=135 (full 5):
 PSYoungGen      total 16896K, used 4640K [0x00000000d5580000, 0x00000000d6d80000, 0x0000000100000000)
  eden space 11776K, 0% used [0x00000000d5580000,0x00000000d5580000,0x00000000d6100000)
  from space 5120K, 90% used [0x00000000d6880000,0x00000000d6d08218,0x00000000d6d80000)
  to   space 5632K, 0% used [0x00000000d6280000,0x00000000d6280000,0x00000000d6800000)
 ParOldGen       total 1398272K, used 83748K [0x0000000080000000, 0x00000000d5580000, 0x00000000d5580000)
  object space 1398272K, 5% used [0x0000000080000000,0x00000000851c91d8,0x00000000d5580000)
 Metaspace       used 77501K, committed 79040K, reserved 1179648K
  class space    used 8493K, committed 9216K, reserved 1048576K
}
Event: 1581.432 GC heap before
{Heap before GC invocations=136 (full 5):
 PSYoungGen      total 16896K, used 16416K [0x00000000d5580000, 0x00000000d6d80000, 0x0000000100000000)
  eden space 11776K, 100% used [0x00000000d5580000,0x00000000d6100000,0x00000000d6100000)
  from space 5120K, 90% used [0x00000000d6880000,0x00000000d6d08218,0x00000000d6d80000)
  to   space 5632K, 0% used [0x00000000d6280000,0x00000000d6280000,0x00000000d6800000)
 ParOldGen       total 1398272K, used 83748K [0x0000000080000000, 0x00000000d5580000, 0x00000000d5580000)
  object space 1398272K, 5% used [0x0000000080000000,0x00000000851c91d8,0x00000000d5580000)
 Metaspace       used 77570K, committed 79104K, reserved 1179648K
  class space    used 8493K, committed 9216K, reserved 1048576K
}
Event: 1581.447 GC heap after
{Heap after GC invocations=136 (full 5):
 PSYoungGen      total 17920K, used 5620K [0x00000000d5580000, 0x00000000d6f80000, 0x0000000100000000)
  eden space 12288K, 0% used [0x00000000d5580000,0x00000000d5580000,0x00000000d6180000)
  from space 5632K, 99% used [0x00000000d6280000,0x00000000d67fd328,0x00000000d6800000)
  to   space 7168K, 0% used [0x00000000d6880000,0x00000000d6880000,0x00000000d6f80000)
 ParOldGen       total 1398272K, used 84766K [0x0000000080000000, 0x00000000d5580000, 0x00000000d5580000)
  object space 1398272K, 6% used [0x0000000080000000,0x00000000852c79c8,0x00000000d5580000)
 Metaspace       used 77570K, committed 79104K, reserved 1179648K
  class space    used 8493K, committed 9216K, reserved 1048576K
}
Event: 1600.269 GC heap before
{Heap before GC invocations=137 (full 5):
 PSYoungGen      total 17920K, used 17885K [0x00000000d5580000, 0x00000000d6f80000, 0x0000000100000000)
  eden space 12288K, 99% used [0x00000000d5580000,0x00000000d617a1c8,0x00000000d6180000)
  from space 5632K, 99% used [0x00000000d6280000,0x00000000d67fd328,0x00000000d6800000)
  to   space 7168K, 0% used [0x00000000d6880000,0x00000000d6880000,0x00000000d6f80000)
 ParOldGen       total 1398272K, used 84766K [0x0000000080000000, 0x00000000d5580000, 0x00000000d5580000)
  object space 1398272K, 6% used [0x0000000080000000,0x00000000852c79c8,0x00000000d5580000)
 Metaspace       used 77617K, committed 79104K, reserved 1179648K
  class space    used 8493K, committed 9216K, reserved 1048576K
}
Event: 1600.296 GC heap after
{Heap after GC invocations=137 (full 5):
 PSYoungGen      total 14848K, used 7143K [0x00000000d5580000, 0x00000000d7900000, 0x0000000100000000)
  eden space 7680K, 0% used [0x00000000d5580000,0x00000000d5580000,0x00000000d5d00000)
  from space 7168K, 99% used [0x00000000d6880000,0x00000000d6f79c20,0x00000000d6f80000)
  to   space 11776K, 0% used [0x00000000d5d00000,0x00000000d5d00000,0x00000000d6880000)
 ParOldGen       total 1398272K, used 88366K [0x0000000080000000, 0x00000000d5580000, 0x00000000d5580000)
  object space 1398272K, 6% used [0x0000000080000000,0x000000008564b910,0x00000000d5580000)
 Metaspace       used 77617K, committed 79104K, reserved 1179648K
  class space    used 8493K, committed 9216K, reserved 1048576K
}
Event: 1600.491 GC heap before
{Heap before GC invocations=138 (full 5):
 PSYoungGen      total 14848K, used 14823K [0x00000000d5580000, 0x00000000d7900000, 0x0000000100000000)
  eden space 7680K, 100% used [0x00000000d5580000,0x00000000d5d00000,0x00000000d5d00000)
  from space 7168K, 99% used [0x00000000d6880000,0x00000000d6f79c20,0x00000000d6f80000)
  to   space 11776K, 0% used [0x00000000d5d00000,0x00000000d5d00000,0x00000000d6880000)
 ParOldGen       total 1398272K, used 88366K [0x0000000080000000, 0x00000000d5580000, 0x00000000d5580000)
  object space 1398272K, 6% used [0x0000000080000000,0x000000008564b910,0x00000000d5580000)
 Metaspace       used 77628K, committed 79104K, reserved 1179648K
  class space    used 8493K, committed 9216K, reserved 1048576K
}
Event: 1600.507 GC heap after
{Heap after GC invocations=138 (full 5):
 PSYoungGen      total 14848K, used 6985K [0x00000000d5580000, 0x00000000d6e80000, 0x0000000100000000)
  eden space 7680K, 0% used [0x00000000d5580000,0x00000000d5580000,0x00000000d5d00000)
  from space 7168K, 97% used [0x00000000d5d00000,0x00000000d63d2628,0x00000000d6400000)
  to   space 8704K, 0% used [0x00000000d6600000,0x00000000d6600000,0x00000000d6e80000)
 ParOldGen       total 1398272K, used 90071K [0x0000000080000000, 0x00000000d5580000, 0x00000000d5580000)
  object space 1398272K, 6% used [0x0000000080000000,0x00000000857f5d30,0x00000000d5580000)
 Metaspace       used 77628K, committed 79104K, reserved 1179648K
  class space    used 8493K, committed 9216K, reserved 1048576K
}
Event: 1604.020 GC heap before
{Heap before GC invocations=139 (full 5):
 PSYoungGen      total 14848K, used 14665K [0x00000000d5580000, 0x00000000d6e80000, 0x0000000100000000)
  eden space 7680K, 100% used [0x00000000d5580000,0x00000000d5d00000,0x00000000d5d00000)
  from space 7168K, 97% used [0x00000000d5d00000,0x00000000d63d2628,0x00000000d6400000)
  to   space 8704K, 0% used [0x00000000d6600000,0x00000000d6600000,0x00000000d6e80000)
 ParOldGen       total 1398272K, used 90071K [0x0000000080000000, 0x00000000d5580000, 0x00000000d5580000)
  object space 1398272K, 6% used [0x0000000080000000,0x00000000857f5d30,0x00000000d5580000)
 Metaspace       used 77650K, committed 79168K, reserved 1179648K
  class space    used 8493K, committed 9216K, reserved 1048576K
}
Event: 1604.026 GC heap after
{Heap after GC invocations=139 (full 5):
 PSYoungGen      total 11776K, used 3169K [0x00000000d5580000, 0x00000000d6980000, 0x0000000100000000)
  eden space 8192K, 0% used [0x00000000d5580000,0x00000000d5580000,0x00000000d5d80000)
  from space 3584K, 88% used [0x00000000d6600000,0x00000000d6918490,0x00000000d6980000)
  to   space 5120K, 0% used [0x00000000d5f80000,0x00000000d5f80000,0x00000000d6480000)
 ParOldGen       total 1398272K, used 90079K [0x0000000080000000, 0x00000000d5580000, 0x00000000d5580000)
  object space 1398272K, 6% used [0x0000000080000000,0x00000000857f7d30,0x00000000d5580000)
 Metaspace       used 77650K, committed 79168K, reserved 1179648K
  class space    used 8493K, committed 9216K, reserved 1048576K
}
Event: 1604.348 GC heap before
{Heap before GC invocations=140 (full 5):
 PSYoungGen      total 11776K, used 11361K [0x00000000d5580000, 0x00000000d6980000, 0x0000000100000000)
  eden space 8192K, 100% used [0x00000000d5580000,0x00000000d5d80000,0x00000000d5d80000)
  from space 3584K, 88% used [0x00000000d6600000,0x00000000d6918490,0x00000000d6980000)
  to   space 5120K, 0% used [0x00000000d5f80000,0x00000000d5f80000,0x00000000d6480000)
 ParOldGen       total 1398272K, used 90079K [0x0000000080000000, 0x00000000d5580000, 0x00000000d5580000)
  object space 1398272K, 6% used [0x0000000080000000,0x00000000857f7d30,0x00000000d5580000)
 Metaspace       used 77728K, committed 79232K, reserved 1179648K
  class space    used 8494K, committed 9216K, reserved 1048576K
}
Event: 1604.357 GC heap after
{Heap after GC invocations=140 (full 5):
 PSYoungGen      total 12800K, used 3853K [0x00000000d5580000, 0x00000000d6680000, 0x0000000100000000)
  eden space 8704K, 0% used [0x00000000d5580000,0x00000000d5580000,0x00000000d5e00000)
  from space 4096K, 94% used [0x00000000d5f80000,0x00000000d6343508,0x00000000d6380000)
  to   space 3072K, 0% used [0x00000000d6380000,0x00000000d6380000,0x00000000d6680000)
 ParOldGen       total 1398272K, used 90079K [0x0000000080000000, 0x00000000d5580000, 0x00000000d5580000)
  object space 1398272K, 6% used [0x0000000080000000,0x00000000857f7d30,0x00000000d5580000)
 Metaspace       used 77728K, committed 79232K, reserved 1179648K
  class space    used 8494K, committed 9216K, reserved 1048576K
}
Event: 1713.343 GC heap before
{Heap before GC invocations=141 (full 5):
 PSYoungGen      total 12800K, used 12554K [0x00000000d5580000, 0x00000000d6680000, 0x0000000100000000)
  eden space 8704K, 99% used [0x00000000d5580000,0x00000000d5dff510,0x00000000d5e00000)
  from space 4096K, 94% used [0x00000000d5f80000,0x00000000d6343508,0x00000000d6380000)
  to   space 3072K, 0% used [0x00000000d6380000,0x00000000d6380000,0x00000000d6680000)
 ParOldGen       total 1398272K, used 90079K [0x0000000080000000, 0x00000000d5580000, 0x00000000d5580000)
  object space 1398272K, 6% used [0x0000000080000000,0x00000000857f7d30,0x00000000d5580000)
 Metaspace       used 77797K, committed 79232K, reserved 1179648K
  class space    used 8498K, committed 9216K, reserved 1048576K
}
Event: 1713.388 GC heap after
{Heap after GC invocations=141 (full 5):
 PSYoungGen      total 11776K, used 2394K [0x00000000d5580000, 0x00000000d6600000, 0x0000000100000000)
  eden space 9216K, 0% used [0x00000000d5580000,0x00000000d5580000,0x00000000d5e80000)
  from space 2560K, 93% used [0x00000000d6380000,0x00000000d65d6920,0x00000000d6600000)
  to   space 3072K, 0% used [0x00000000d6000000,0x00000000d6000000,0x00000000d6300000)
 ParOldGen       total 1398272K, used 90087K [0x0000000080000000, 0x00000000d5580000, 0x00000000d5580000)
  object space 1398272K, 6% used [0x0000000080000000,0x00000000857f9d30,0x00000000d5580000)
 Metaspace       used 77797K, committed 79232K, reserved 1179648K
  class space    used 8498K, committed 9216K, reserved 1048576K
}
Event: 1756.322 GC heap before
{Heap before GC invocations=142 (full 5):
 PSYoungGen      total 11776K, used 11610K [0x00000000d5580000, 0x00000000d6600000, 0x0000000100000000)
  eden space 9216K, 100% used [0x00000000d5580000,0x00000000d5e80000,0x00000000d5e80000)
  from space 2560K, 93% used [0x00000000d6380000,0x00000000d65d6920,0x00000000d6600000)
  to   space 3072K, 0% used [0x00000000d6000000,0x00000000d6000000,0x00000000d6300000)
 ParOldGen       total 1398272K, used 90087K [0x0000000080000000, 0x00000000d5580000, 0x00000000d5580000)
  object space 1398272K, 6% used [0x0000000080000000,0x00000000857f9d30,0x00000000d5580000)
 Metaspace       used 77869K, committed 79296K, reserved 1179648K
  class space    used 8498K, committed 9216K, reserved 1048576K
}
Event: 1756.332 GC heap after
{Heap after GC invocations=142 (full 5):
 PSYoungGen      total 12800K, used 2624K [0x00000000d5580000, 0x00000000d6500000, 0x0000000100000000)
  eden space 9728K, 0% used [0x00000000d5580000,0x00000000d5580000,0x00000000d5f00000)
  from space 3072K, 85% used [0x00000000d6000000,0x00000000d6290040,0x00000000d6300000)
  to   space 2048K, 0% used [0x00000000d6300000,0x00000000d6300000,0x00000000d6500000)
 ParOldGen       total 1398272K, used 90095K [0x0000000080000000, 0x00000000d5580000, 0x00000000d5580000)
  object space 1398272K, 6% used [0x0000000080000000,0x00000000857fbd30,0x00000000d5580000)
 Metaspace       used 77869K, committed 79296K, reserved 1179648K
  class space    used 8498K, committed 9216K, reserved 1048576K
}

